[    1418ms] [INFO] LegacyDataMixin will be applied to all legacy elements.
Set `_legacyUndefinedCheck: true` on element class to enable. @ https://www.youtube.com/s/_/ytmainappweb/_/js/k=ytmainappweb.kevlar_base.en_US.IFuzsR39iKY.es5.O/am=AAAACAAAIAE/d=1/br=1/rs=AGKMywHnZQMy8qGo0LmnUsfARzmVoEeYhw/m=kevlar_base_module,kevlar_main_module:9910
[    1836ms] TypeError: Cannot read properties of undefined (reading 'ad-skip')
    at new Analyst (chrome-extension://klkpjckkbpkaabppglkhjbamfdafkbpe/content.js:244:34)
    at AutoPilot.init (chrome-extension://klkpjckkbpkaabppglkhjbamfdafkbpe/content.js:525:22)
[   18038ms] [WARNING] The resource https://rr1---sn-h5576nsr.c.youtube.com/generate_204 was preloaded using link preload but not used within a few seconds from the window's load event. Please make sure it has an appropriate `as` value and it is preloaded intentionally. @ https://www.youtube.com/watch?v=dQw4w9WgXcQ:0
[   18039ms] [WARNING] The resource https://rr2---sn-gwpa-8b5e.googlevideo.com/generate_204 was preloaded using link preload but not used within a few seconds from the window's load event. Please make sure it has an appropriate `as` value and it is preloaded intentionally. @ https://www.youtube.com/watch?v=dQw4w9WgXcQ:0
[   18039ms] [WARNING] The resource https://i.ytimg.com/generate_204 was preloaded using link preload but not used within a few seconds from the window's load event. Please make sure it has an appropriate `as` value and it is preloaded intentionally. @ https://www.youtube.com/watch?v=dQw4w9WgXcQ:0
[   22273ms] [WARNING] The resource https://rr1---sn-h5576nsr.c.youtube.com/generate_204 was preloaded using link preload but not used within a few seconds from the window's load event. Please make sure it has an appropriate `as` value and it is preloaded intentionally. @ https://www.youtube.com/watch?v=dQw4w9WgXcQ:0
[   22273ms] [WARNING] The resource https://rr2---sn-gwpa-8b5e.googlevideo.com/generate_204 was preloaded using link preload but not used within a few seconds from the window's load event. Please make sure it has an appropriate `as` value and it is preloaded intentionally. @ https://www.youtube.com/watch?v=dQw4w9WgXcQ:0
[   22273ms] [WARNING] The resource https://i.ytimg.com/generate_204 was preloaded using link preload but not used within a few seconds from the window's load event. Please make sure it has an appropriate `as` value and it is preloaded intentionally. @ https://www.youtube.com/watch?v=dQw4w9WgXcQ:0
[   26421ms] [WARNING] The resource https://rr1---sn-h5576nsr.c.youtube.com/generate_204 was preloaded using link preload but not used within a few seconds from the window's load event. Please make sure it has an appropriate `as` value and it is preloaded intentionally. @ https://www.youtube.com/watch?v=dQw4w9WgXcQ:0
[   26421ms] [WARNING] The resource https://rr2---sn-gwpa-8b5e.googlevideo.com/generate_204 was preloaded using link preload but not used within a few seconds from the window's load event. Please make sure it has an appropriate `as` value and it is preloaded intentionally. @ https://www.youtube.com/watch?v=dQw4w9WgXcQ:0
[   26421ms] [WARNING] The resource https://i.ytimg.com/generate_204 was preloaded using link preload but not used within a few seconds from the window's load event. Please make sure it has an appropriate `as` value and it is preloaded intentionally. @ https://www.youtube.com/watch?v=dQw4w9WgXcQ:0
[   30859ms] [WARNING] The resource https://rr1---sn-h5576nsr.c.youtube.com/generate_204 was preloaded using link preload but not used within a few seconds from the window's load event. Please make sure it has an appropriate `as` value and it is preloaded intentionally. @ https://www.youtube.com/watch?v=dQw4w9WgXcQ:0
[   30859ms] [WARNING] The resource https://rr2---sn-gwpa-8b5e.googlevideo.com/generate_204 was preloaded using link preload but not used within a few seconds from the window's load event. Please make sure it has an appropriate `as` value and it is preloaded intentionally. @ https://www.youtube.com/watch?v=dQw4w9WgXcQ:0
[   30859ms] [WARNING] The resource https://i.ytimg.com/generate_204 was preloaded using link preload but not used within a few seconds from the window's load event. Please make sure it has an appropriate `as` value and it is preloaded intentionally. @ https://www.youtube.com/watch?v=dQw4w9WgXcQ:0
[   36959ms] [WARNING] The resource https://rr1---sn-h5576nsr.c.youtube.com/generate_204 was preloaded using link preload but not used within a few seconds from the window's load event. Please make sure it has an appropriate `as` value and it is preloaded intentionally. @ https://www.youtube.com/watch?v=dQw4w9WgXcQ:0
[   36960ms] [WARNING] The resource https://rr2---sn-gwpa-8b5e.googlevideo.com/generate_204 was preloaded using link preload but not used within a few seconds from the window's load event. Please make sure it has an appropriate `as` value and it is preloaded intentionally. @ https://www.youtube.com/watch?v=dQw4w9WgXcQ:0
[   36960ms] [WARNING] The resource https://i.ytimg.com/generate_204 was preloaded using link preload but not used within a few seconds from the window's load event. Please make sure it has an appropriate `as` value and it is preloaded intentionally. @ https://www.youtube.com/watch?v=dQw4w9WgXcQ:0
[   41221ms] [WARNING] The resource https://rr1---sn-h5576nsr.c.youtube.com/generate_204 was preloaded using link preload but not used within a few seconds from the window's load event. Please make sure it has an appropriate `as` value and it is preloaded intentionally. @ https://www.youtube.com/watch?v=dQw4w9WgXcQ:0
[   41221ms] [WARNING] The resource https://rr2---sn-gwpa-8b5e.googlevideo.com/generate_204 was preloaded using link preload but not used within a few seconds from the window's load event. Please make sure it has an appropriate `as` value and it is preloaded intentionally. @ https://www.youtube.com/watch?v=dQw4w9WgXcQ:0
[   41221ms] [WARNING] The resource https://i.ytimg.com/generate_204 was preloaded using link preload but not used within a few seconds from the window's load event. Please make sure it has an appropriate `as` value and it is preloaded intentionally. @ https://www.youtube.com/watch?v=dQw4w9WgXcQ:0
[   50138ms] [ERROR] This document requires 'TrustedScript' assignment. The action has been blocked. @ :3
[   54125ms] [WARNING] The resource https://rr1---sn-h5576nsr.c.youtube.com/generate_204 was preloaded using link preload but not used within a few seconds from the window's load event. Please make sure it has an appropriate `as` value and it is preloaded intentionally. @ https://www.youtube.com/watch?v=dQw4w9WgXcQ:0
[   54125ms] [WARNING] The resource https://rr2---sn-gwpa-8b5e.googlevideo.com/generate_204 was preloaded using link preload but not used within a few seconds from the window's load event. Please make sure it has an appropriate `as` value and it is preloaded intentionally. @ https://www.youtube.com/watch?v=dQw4w9WgXcQ:0
[   54125ms] [WARNING] The resource https://i.ytimg.com/generate_204 was preloaded using link preload but not used within a few seconds from the window's load event. Please make sure it has an appropriate `as` value and it is preloaded intentionally. @ https://www.youtube.com/watch?v=dQw4w9WgXcQ:0
[   74043ms] [WARNING] The resource https://rr1---sn-h5576nsr.c.youtube.com/generate_204 was preloaded using link preload but not used within a few seconds from the window's load event. Please make sure it has an appropriate `as` value and it is preloaded intentionally. @ https://www.youtube.com/watch?v=dQw4w9WgXcQ:0
[   74043ms] [WARNING] The resource https://rr2---sn-gwpa-8b5e.googlevideo.com/generate_204 was preloaded using link preload but not used within a few seconds from the window's load event. Please make sure it has an appropriate `as` value and it is preloaded intentionally. @ https://www.youtube.com/watch?v=dQw4w9WgXcQ:0
[   74043ms] [WARNING] The resource https://i.ytimg.com/generate_204 was preloaded using link preload but not used within a few seconds from the window's load event. Please make sure it has an appropriate `as` value and it is preloaded intentionally. @ https://www.youtube.com/watch?v=dQw4w9WgXcQ:0
[   80875ms] [WARNING] The resource https://rr1---sn-h5576nsr.c.youtube.com/generate_204 was preloaded using link preload but not used within a few seconds from the window's load event. Please make sure it has an appropriate `as` value and it is preloaded intentionally. @ https://www.youtube.com/watch?v=dQw4w9WgXcQ:0
[   80875ms] [WARNING] The resource https://rr2---sn-gwpa-8b5e.googlevideo.com/generate_204 was preloaded using link preload but not used within a few seconds from the window's load event. Please make sure it has an appropriate `as` value and it is preloaded intentionally. @ https://www.youtube.com/watch?v=dQw4w9WgXcQ:0
[   80875ms] [WARNING] The resource https://i.ytimg.com/generate_204 was preloaded using link preload but not used within a few seconds from the window's load event. Please make sure it has an appropriate `as` value and it is preloaded intentionally. @ https://www.youtube.com/watch?v=dQw4w9WgXcQ:0
[   84013ms] [WARNING] The resource https://rr1---sn-h5576nsr.c.youtube.com/generate_204 was preloaded using link preload but not used within a few seconds from the window's load event. Please make sure it has an appropriate `as` value and it is preloaded intentionally. @ https://www.youtube.com/watch?v=dQw4w9WgXcQ:0
[   84013ms] [WARNING] The resource https://rr2---sn-gwpa-8b5e.googlevideo.com/generate_204 was preloaded using link preload but not used within a few seconds from the window's load event. Please make sure it has an appropriate `as` value and it is preloaded intentionally. @ https://www.youtube.com/watch?v=dQw4w9WgXcQ:0
[   84013ms] [WARNING] The resource https://i.ytimg.com/generate_204 was preloaded using link preload but not used within a few seconds from the window's load event. Please make sure it has an appropriate `as` value and it is preloaded intentionally. @ https://www.youtube.com/watch?v=dQw4w9WgXcQ:0
[   86197ms] [ERROR] requestStorageAccessFor: Permission denied. @ https://www.youtube.com/watch?v=dQw4w9WgXcQ:0
[   86198ms] [ERROR] requestStorageAccessFor: Permission denied. @ https://www.youtube.com/watch?v=dQw4w9WgXcQ:0
[   86198ms] [ERROR] requestStorageAccessFor: Permission denied. @ https://www.youtube.com/watch?v=dQw4w9WgXcQ:0
[   90178ms] [WARNING] The resource https://rr1---sn-h5576nsr.c.youtube.com/generate_204 was preloaded using link preload but not used within a few seconds from the window's load event. Please make sure it has an appropriate `as` value and it is preloaded intentionally. @ https://www.youtube.com/watch?v=dQw4w9WgXcQ:0
[   90178ms] [WARNING] The resource https://rr2---sn-gwpa-8b5e.googlevideo.com/generate_204 was preloaded using link preload but not used within a few seconds from the window's load event. Please make sure it has an appropriate `as` value and it is preloaded intentionally. @ https://www.youtube.com/watch?v=dQw4w9WgXcQ:0
[   90178ms] [WARNING] The resource https://i.ytimg.com/generate_204 was preloaded using link preload but not used within a few seconds from the window's load event. Please make sure it has an appropriate `as` value and it is preloaded intentionally. @ https://www.youtube.com/watch?v=dQw4w9WgXcQ:0
[  100184ms] [WARNING] The resource https://rr1---sn-h5576nsr.c.youtube.com/generate_204 was preloaded using link preload but not used within a few seconds from the window's load event. Please make sure it has an appropriate `as` value and it is preloaded intentionally. @ https://www.youtube.com/watch?v=dQw4w9WgXcQ:0
[  100184ms] [WARNING] The resource https://rr2---sn-gwpa-8b5e.googlevideo.com/generate_204 was preloaded using link preload but not used within a few seconds from the window's load event. Please make sure it has an appropriate `as` value and it is preloaded intentionally. @ https://www.youtube.com/watch?v=dQw4w9WgXcQ:0
[  100184ms] [WARNING] The resource https://i.ytimg.com/generate_204 was preloaded using link preload but not used within a few seconds from the window's load event. Please make sure it has an appropriate `as` value and it is preloaded intentionally. @ https://www.youtube.com/watch?v=dQw4w9WgXcQ:0
[  198341ms] [WARNING] The resource https://rr1---sn-h5576nsr.c.youtube.com/generate_204 was preloaded using link preload but not used within a few seconds from the window's load event. Please make sure it has an appropriate `as` value and it is preloaded intentionally. @ https://www.youtube.com/watch?v=dQw4w9WgXcQ:0
[  198341ms] [WARNING] The resource https://rr2---sn-gwpa-8b5e.googlevideo.com/generate_204 was preloaded using link preload but not used within a few seconds from the window's load event. Please make sure it has an appropriate `as` value and it is preloaded intentionally. @ https://www.youtube.com/watch?v=dQw4w9WgXcQ:0
[  198341ms] [WARNING] The resource https://i.ytimg.com/generate_204 was preloaded using link preload but not used within a few seconds from the window's load event. Please make sure it has an appropriate `as` value and it is preloaded intentionally. @ https://www.youtube.com/watch?v=dQw4w9WgXcQ:0
[  312322ms] [WARNING] The resource https://rr1---sn-h5576nsr.c.youtube.com/generate_204 was preloaded using link preload but not used within a few seconds from the window's load event. Please make sure it has an appropriate `as` value and it is preloaded intentionally. @ https://www.youtube.com/watch?v=dQw4w9WgXcQ:0
[  312322ms] [WARNING] The resource https://rr2---sn-gwpa-8b5e.googlevideo.com/generate_204 was preloaded using link preload but not used within a few seconds from the window's load event. Please make sure it has an appropriate `as` value and it is preloaded intentionally. @ https://www.youtube.com/watch?v=dQw4w9WgXcQ:0
[  312322ms] [WARNING] The resource https://i.ytimg.com/generate_204 was preloaded using link preload but not used within a few seconds from the window's load event. Please make sure it has an appropriate `as` value and it is preloaded intentionally. @ https://www.youtube.com/watch?v=dQw4w9WgXcQ:0
[  372622ms] [WARNING] The resource https://rr1---sn-h5576nsr.c.youtube.com/generate_204 was preloaded using link preload but not used within a few seconds from the window's load event. Please make sure it has an appropriate `as` value and it is preloaded intentionally. @ https://www.youtube.com/watch?v=dQw4w9WgXcQ:0
[  372622ms] [WARNING] The resource https://rr2---sn-gwpa-8b5e.googlevideo.com/generate_204 was preloaded using link preload but not used within a few seconds from the window's load event. Please make sure it has an appropriate `as` value and it is preloaded intentionally. @ https://www.youtube.com/watch?v=dQw4w9WgXcQ:0
[  372622ms] [WARNING] The resource https://i.ytimg.com/generate_204 was preloaded using link preload but not used within a few seconds from the window's load event. Please make sure it has an appropriate `as` value and it is preloaded intentionally. @ https://www.youtube.com/watch?v=dQw4w9WgXcQ:0
